********************************************************************************
DUPLICATOR-LITE PACKAGE-LOG: 03.04.2020 19:36
NOTICE: Do NOT post to public sites or forums 
********************************************************************************
VERSION:	1.3.28
WORDPRESS:	5.3.2
PHP INFO:	7.2.28 | SAPI: fpm-fcgi
SERVER:		nginx/1.11.13 
PHP TIME LIMIT: (0) no time limit imposed 
PHP MAX MEMORY: 4294967296 (128M default) 
MEMORY STACK: 8MB

********************************************************************************
DATABASE:
********************************************************************************
BUILD MODE:   PHP(query limit - 100)
MYSQLTIMEOUT: 5000
MYSQLDUMP:    Not Supported
TABLES: total:16 | filtered:0 | create:16
FILTERED: []
SQL CREATED: base_fbda378fa7fe2d532207_20200403193620_database.sql
SQL FILE SIZE: 1016.83KB (1041237)
SQL FILE TIME: 2020-04-03 19:36:27
SQL RUNTIME: 0.37 sec.

********************************************************************************
ARCHIVE (ZIP):
********************************************************************************
ARCHIVE DIR:  /var/www/back/public
ARCHIVE FILE: base_fbda378fa7fe2d532207_20200403193620_archive.zip
FILTERS: *OFF*
DIRS:
	not set
FILES:
	not set
EXTS:  not set
----------------------------------------
COMPRESSING
SIZE:	0B
STATS:	Dirs 0 | Files 0
SQL ADDED: base_fbda378fa7fe2d532207_20200403193620_database.sql
ZipArchive Object
(
    [status] => 0
    [statusSys] => 0
    [numFiles] => 1
    [filename] => /var/www/back/public/wp-snapshots/tmp/base_fbda378fa7fe2d532207_20200403193620_archive.zip
    [comment] => 
)

FILE ADDED TO ZIP: 0
COMPRESSION RESULT: '1'
COMPRESSED SIZE: 229.05KB
ARCHIVE RUNTIME: 0.23 sec.
MEMORY STACK: 10MB
building installer
add_extra_files1
add_extra_files2
add_extra_files3
add_extra_files4
Doing archive file check
add_extra_files5
add_extra_files6
add_extra_files8
Successfully opened zip /var/www/back/public/wp-snapshots/tmp/base_fbda378fa7fe2d532207_20200403193620_archive.zip
Adding enhanced installer files to archive using ZipArchive
Installer files added to archive
Added to archive
After ziparchive close when adding installer

********************************************************************************
INTEGRITY CHECKS:
********************************************************************************
SQL FILE: 1016.83KB
INSTALLER FILE: 60.51KB
ARCHIVE FILE: 1.52MB 
EXPECTED FILE/DIRECTORY COUNT: 0
ACTUAL FILE/DIRECTORY COUNT: 0
ARCHIVE CONSISTENCY TEST: Pass

********************************************************************************
RECORD ID:[2]
TOTAL PROCESS RUNTIME: 2.75 sec.
PEAK PHP MEMORY USED: 12MB
DONE PROCESSING => base 03.04.2020 19:36

